# JRE version: OpenJDK Runtime Environment (7.0_79-b14) (build 1.7.0_79-b14)
# Java VM: OpenJDK 64-Bit Server VM (24.79-b02 mixed mode linux-amd64 compressed oops)
Heap
 PSYoungGen      total 263168K, used 20458K [0x00000000eaa80000, 0x00000000fc280000, 0x0000000100000000)
  eden space 242688K, 0% used [0x00000000eaa80000,0x00000000eaa80000,0x00000000f9780000)
  from space 20480K, 99% used [0x00000000f9780000,0x00000000fab7a940,0x00000000fab80000)
  to   space 17408K, 0% used [0x00000000fab80000,0x00000000fab80000,0x00000000fbc80000)
 ParOldGen       total 51200K, used 34935K [0x00000000c0000000, 0x00000000c3200000, 0x00000000eaa80000)
  object space 51200K, 68% used [0x00000000c0000000,0x00000000c221df40,0x00000000c3200000)
 PSPermGen       total 21504K, used 5176K [0x00000000b5a00000, 0x00000000b6f00000, 0x00000000c0000000)
  object space 21504K, 24% used [0x00000000b5a00000,0x00000000b5f0e0f0,0x00000000b6f00000)
GC Heap History (10 events):
Event: 1,570 GC heap after
Heap after GC invocations=5 (full 0):
 PSYoungGen      total 64000K, used 2536K [0x00000000eaa80000, 0x00000000f4080000, 0x0000000100000000)
  eden space 61440K, 0% used [0x00000000eaa80000,0x00000000eaa80000,0x00000000ee680000)
  from space 2560K, 99% used [0x00000000ee680000,0x00000000ee8fa090,0x00000000ee900000)
  to   space 15360K, 0% used [0x00000000f3180000,0x00000000f3180000,0x00000000f4080000)
 ParOldGen       total 40448K, used 27547K [0x00000000c0000000, 0x00000000c2780000, 0x00000000eaa80000)
  object space 40448K, 68% used [0x00000000c0000000,0x00000000c1ae6cb0,0x00000000c2780000)
 PSPermGen       total 21504K, used 5065K [0x00000000b5a00000, 0x00000000b6f00000, 0x00000000c0000000)
  object space 21504K, 23% used [0x00000000b5a00000,0x00000000b5ef25b8,0x00000000b6f00000)
}
Event: 1,827 GC heap before
{Heap before GC invocations=6 (full 0):
 PSYoungGen      total 64000K, used 60765K [0x00000000eaa80000, 0x00000000f4080000, 0x0000000100000000)
  eden space 61440K, 94% used [0x00000000eaa80000,0x00000000ee35d4a8,0x00000000ee680000)
  from space 2560K, 99% used [0x00000000ee680000,0x00000000ee8fa090,0x00000000ee900000)
  to   space 15360K, 0% used [0x00000000f3180000,0x00000000f3180000,0x00000000f4080000)
 ParOldGen       total 40448K, used 27547K [0x00000000c0000000, 0x00000000c2780000, 0x00000000eaa80000)
  object space 40448K, 68% used [0x00000000c0000000,0x00000000c1ae6cb0,0x00000000c2780000)
 PSPermGen       total 21504K, used 5159K [0x00000000b5a00000, 0x00000000b6f00000, 0x00000000c0000000)
  object space 21504K, 23% used [0x00000000b5a00000,0x00000000b5f09c90,0x00000000b6f00000)
Event: 1,833 GC heap after
Heap after GC invocations=6 (full 0):
 PSYoungGen      total 136192K, used 5684K [0x00000000eaa80000, 0x00000000f3e80000, 0x0000000100000000)
  eden space 122880K, 0% used [0x00000000eaa80000,0x00000000eaa80000,0x00000000f2280000)
  from space 13312K, 42% used [0x00000000f3180000,0x00000000f370d208,0x00000000f3e80000)
  to   space 14336K, 0% used [0x00000000f2280000,0x00000000f2280000,0x00000000f3080000)
 ParOldGen       total 40448K, used 27555K [0x00000000c0000000, 0x00000000c2780000, 0x00000000eaa80000)
  object space 40448K, 68% used [0x00000000c0000000,0x00000000c1ae8cb0,0x00000000c2780000)
 PSPermGen       total 21504K, used 5159K [0x00000000b5a00000, 0x00000000b6f00000, 0x00000000c0000000)
  object space 21504K, 23% used [0x00000000b5a00000,0x00000000b5f09c90,0x00000000b6f00000)
}
Event: 2,155 GC heap before
{Heap before GC invocations=7 (full 0):
 PSYoungGen      total 136192K, used 128564K [0x00000000eaa80000, 0x00000000f3e80000, 0x0000000100000000)
  eden space 122880K, 100% used [0x00000000eaa80000,0x00000000f2280000,0x00000000f2280000)
  from space 13312K, 42% used [0x00000000f3180000,0x00000000f370d208,0x00000000f3e80000)
  to   space 14336K, 0% used [0x00000000f2280000,0x00000000f2280000,0x00000000f3080000)
 ParOldGen       total 40448K, used 27555K [0x00000000c0000000, 0x00000000c2780000, 0x00000000eaa80000)
  object space 40448K, 68% used [0x00000000c0000000,0x00000000c1ae8cb0,0x00000000c2780000)
 PSPermGen       total 21504K, used 5166K [0x00000000b5a00000, 0x00000000b6f00000, 0x00000000c0000000)
  object space 21504K, 24% used [0x00000000b5a00000,0x00000000b5f0baf0,0x00000000b6f00000)
Event: 2,172 GC heap after
Heap after GC invocations=7 (full 0):
 PSYoungGen      total 137216K, used 14328K [0x00000000eaa80000, 0x00000000fbc80000, 0x0000000100000000)
  eden space 122880K, 0% used [0x00000000eaa80000,0x00000000eaa80000,0x00000000f2280000)
  from space 14336K, 99% used [0x00000000f2280000,0x00000000f307e340,0x00000000f3080000)
  to   space 17408K, 0% used [0x00000000fab80000,0x00000000fab80000,0x00000000fbc80000)
 ParOldGen       total 40448K, used 28526K [0x00000000c0000000, 0x00000000c2780000, 0x00000000eaa80000)
  object space 40448K, 70% used [0x00000000c0000000,0x00000000c1bdbb08,0x00000000c2780000)
 PSPermGen       total 21504K, used 5166K [0x00000000b5a00000, 0x00000000b6f00000, 0x00000000c0000000)
  object space 21504K, 24% used [0x00000000b5a00000,0x00000000b5f0baf0,0x00000000b6f00000)
}
Event: 2,402 GC heap before
{Heap before GC invocations=8 (full 0):
 PSYoungGen      total 137216K, used 137208K [0x00000000eaa80000, 0x00000000fbc80000, 0x0000000100000000)
  eden space 122880K, 100% used [0x00000000eaa80000,0x00000000f2280000,0x00000000f2280000)
  from space 14336K, 99% used [0x00000000f2280000,0x00000000f307e340,0x00000000f3080000)
  to   space 17408K, 0% used [0x00000000fab80000,0x00000000fab80000,0x00000000fbc80000)
 ParOldGen       total 40448K, used 28526K [0x00000000c0000000, 0x00000000c2780000, 0x00000000eaa80000)
  object space 40448K, 70% used [0x00000000c0000000,0x00000000c1bdbb08,0x00000000c2780000)
 PSPermGen       total 21504K, used 5171K [0x00000000b5a00000, 0x00000000b6f00000, 0x00000000c0000000)
  object space 21504K, 24% used [0x00000000b5a00000,0x00000000b5f0ce88,0x00000000b6f00000)
Event: 2,433 GC heap after
Heap after GC invocations=8 (full 0):
 PSYoungGen      total 260096K, used 17221K [0x00000000eaa80000, 0x00000000fc280000, 0x0000000100000000)
  eden space 242688K, 0% used [0x00000000eaa80000,0x00000000eaa80000,0x00000000f9780000)
  from space 17408K, 98% used [0x00000000fab80000,0x00000000fbc517e0,0x00000000fbc80000)
  to   space 20480K, 0% used [0x00000000f9780000,0x00000000f9780000,0x00000000fab80000)
 ParOldGen       total 47104K, used 41230K [0x00000000c0000000, 0x00000000c2e00000, 0x00000000eaa80000)
  object space 47104K, 87% used [0x00000000c0000000,0x00000000c2843878,0x00000000c2e00000)
 PSPermGen       total 21504K, used 5171K [0x00000000b5a00000, 0x00000000b6f00000, 0x00000000c0000000)
  object space 21504K, 24% used [0x00000000b5a00000,0x00000000b5f0ce88,0x00000000b6f00000)
}
Event: 2,433 GC heap before
{Heap before GC invocations=9 (full 1):
 PSYoungGen      total 260096K, used 17221K [0x00000000eaa80000, 0x00000000fc280000, 0x0000000100000000)
  eden space 242688K, 0% used [0x00000000eaa80000,0x00000000eaa80000,0x00000000f9780000)
  from space 17408K, 98% used [0x00000000fab80000,0x00000000fbc517e0,0x00000000fbc80000)
  to   space 20480K, 0% used [0x00000000f9780000,0x00000000f9780000,0x00000000fab80000)
 ParOldGen       total 47104K, used 41230K [0x00000000c0000000, 0x00000000c2e00000, 0x00000000eaa80000)
  object space 47104K, 87% used [0x00000000c0000000,0x00000000c2843878,0x00000000c2e00000)
 PSPermGen       total 21504K, used 5171K [0x00000000b5a00000, 0x00000000b6f00000, 0x00000000c0000000)
  object space 21504K, 24% used [0x00000000b5a00000,0x00000000b5f0ce88,0x00000000b6f00000)
Event: 2,454 GC heap after
Heap after GC invocations=9 (full 1):
 PSYoungGen      total 260096K, used 0K [0x00000000eaa80000, 0x00000000fc280000, 0x0000000100000000)
  eden space 242688K, 0% used [0x00000000eaa80000,0x00000000eaa80000,0x00000000f9780000)
  from space 17408K, 0% used [0x00000000fab80000,0x00000000fab80000,0x00000000fbc80000)
  to   space 20480K, 0% used [0x00000000f9780000,0x00000000f9780000,0x00000000fab80000)
 ParOldGen       total 51200K, used 18777K [0x00000000c0000000, 0x00000000c3200000, 0x00000000eaa80000)
  object space 51200K, 36% used [0x00000000c0000000,0x00000000c1256410,0x00000000c3200000)
 PSPermGen       total 21504K, used 5169K [0x00000000b5a00000, 0x00000000b6f00000, 0x00000000c0000000)
  object space 21504K, 24% used [0x00000000b5a00000,0x00000000b5f0c708,0x00000000b6f00000)
}
Event: 2,957 GC heap before
{Heap before GC invocations=10 (full 1):
 PSYoungGen      total 260096K, used 242688K [0x00000000eaa80000, 0x00000000fc280000, 0x0000000100000000)
  eden space 242688K, 100% used [0x00000000eaa80000,0x00000000f9780000,0x00000000f9780000)
  from space 17408K, 0% used [0x00000000fab80000,0x00000000fab80000,0x00000000fbc80000)
  to   space 20480K, 0% used [0x00000000f9780000,0x00000000f9780000,0x00000000fab80000)
 ParOldGen       total 51200K, used 18777K [0x00000000c0000000, 0x00000000c3200000, 0x00000000eaa80000)
  object space 51200K, 36% used [0x00000000c0000000,0x00000000c1256410,0x00000000c3200000)
 PSPermGen       total 21504K, used 5176K [0x00000000b5a00000, 0x00000000b6f00000, 0x00000000c0000000)
  object space 21504K, 24% used [0x00000000b5a00000,0x00000000b5f0e0f0,0x00000000b6f00000)

